# JRE version: Java(TM) SE Runtime Environment (8.0_181-b13) (build 1.8.0_181-b13)
# Java VM: Java HotSpot(TM) 64-Bit Server VM (25.181-b13 mixed mode windows-amd64 compressed oops)
Heap:
 PSYoungGen      total 207360K, used 168683K [0x0000000715f80000, 0x0000000727a80000, 0x00000007c0000000)
  eden space 172544K, 86% used [0x0000000715f80000,0x000000071f1eaeb8,0x0000000720800000)
  from space 34816K, 53% used [0x0000000722a00000,0x0000000723c4ff28,0x0000000724c00000)
  to   space 34816K, 0% used [0x0000000720800000,0x0000000720800000,0x0000000722a00000)
 ParOldGen       total 366080K, used 26835K [0x00000005c1e00000, 0x00000005d8380000, 0x0000000715f80000)
  object space 366080K, 7% used [0x00000005c1e00000,0x00000005c3834ee0,0x00000005d8380000)
 Metaspace       used 50429K, capacity 51766K, committed 51880K, reserved 1095680K
  class space    used 5901K, capacity 6306K, committed 6312K, reserved 1048576K
GC Heap History (10 events):
Event: 16.867 GC heap before
{Heap before GC invocations=12 (full 4):
 PSYoungGen      total 205824K, used 56949K [0x0000000715f80000, 0x0000000724b00000, 0x00000007c0000000)
  eden space 172544K, 33% used [0x0000000715f80000,0x000000071971d700,0x0000000720800000)
  from space 33280K, 0% used [0x0000000720800000,0x0000000720800000,0x0000000722880000)
  to   space 34304K, 0% used [0x0000000722980000,0x0000000722980000,0x0000000724b00000)
 ParOldGen       total 366080K, used 27648K [0x00000005c1e00000, 0x00000005d8380000, 0x0000000715f80000)
  object space 366080K, 7% used [0x00000005c1e00000,0x00000005c3900178,0x00000005d8380000)
 Metaspace       used 40212K, capacity 41316K, committed 41512K, reserved 1085440K
  class space    used 4788K, capacity 5147K, committed 5160K, reserved 1048576K
Event: 16.874 GC heap after
Heap after GC invocations=12 (full 4):
 PSYoungGen      total 206336K, used 3024K [0x0000000715f80000, 0x0000000724c00000, 0x00000007c0000000)
  eden space 172032K, 0% used [0x0000000715f80000,0x0000000715f80000,0x0000000720780000)
  from space 34304K, 8% used [0x0000000722980000,0x0000000722c74010,0x0000000724b00000)
  to   space 34816K, 0% used [0x0000000720780000,0x0000000720780000,0x0000000722980000)
 ParOldGen       total 366080K, used 27656K [0x00000005c1e00000, 0x00000005d8380000, 0x0000000715f80000)
  object space 366080K, 7% used [0x00000005c1e00000,0x00000005c3902178,0x00000005d8380000)
 Metaspace       used 40212K, capacity 41316K, committed 41512K, reserved 1085440K
  class space    used 4788K, capacity 5147K, committed 5160K, reserved 1048576K
}
Event: 16.874 GC heap before
{Heap before GC invocations=13 (full 5):
 PSYoungGen      total 206336K, used 3024K [0x0000000715f80000, 0x0000000724c00000, 0x00000007c0000000)
  eden space 172032K, 0% used [0x0000000715f80000,0x0000000715f80000,0x0000000720780000)
  from space 34304K, 8% used [0x0000000722980000,0x0000000722c74010,0x0000000724b00000)
  to   space 34816K, 0% used [0x0000000720780000,0x0000000720780000,0x0000000722980000)
 ParOldGen       total 366080K, used 27656K [0x00000005c1e00000, 0x00000005d8380000, 0x0000000715f80000)
  object space 366080K, 7% used [0x00000005c1e00000,0x00000005c3902178,0x00000005d8380000)
 Metaspace       used 40212K, capacity 41316K, committed 41512K, reserved 1085440K
  class space    used 4788K, capacity 5147K, committed 5160K, reserved 1048576K
Event: 16.947 GC heap after
Heap after GC invocations=13 (full 5):
 PSYoungGen      total 206336K, used 0K [0x0000000715f80000, 0x0000000724c00000, 0x00000007c0000000)
  eden space 172032K, 0% used [0x0000000715f80000,0x0000000715f80000,0x0000000720780000)
  from space 34304K, 0% used [0x0000000722980000,0x0000000722980000,0x0000000724b00000)
  to   space 34816K, 0% used [0x0000000720780000,0x0000000720780000,0x0000000722980000)
 ParOldGen       total 366080K, used 26296K [0x00000005c1e00000, 0x00000005d8380000, 0x0000000715f80000)
  object space 366080K, 7% used [0x00000005c1e00000,0x00000005c37ae040,0x00000005d8380000)
 Metaspace       used 40187K, capacity 41226K, committed 41512K, reserved 1085440K
  class space    used 4785K, capacity 5142K, committed 5160K, reserved 1048576K
}
Event: 17.556 GC heap before
{Heap before GC invocations=14 (full 5):
 PSYoungGen      total 206336K, used 63305K [0x0000000715f80000, 0x0000000724c00000, 0x00000007c0000000)
  eden space 172032K, 36% used [0x0000000715f80000,0x0000000719d52620,0x0000000720780000)
  from space 34304K, 0% used [0x0000000722980000,0x0000000722980000,0x0000000724b00000)
  to   space 34816K, 0% used [0x0000000720780000,0x0000000720780000,0x0000000722980000)
 ParOldGen       total 366080K, used 26296K [0x00000005c1e00000, 0x00000005d8380000, 0x0000000715f80000)
  object space 366080K, 7% used [0x00000005c1e00000,0x00000005c37ae040,0x00000005d8380000)
 Metaspace       used 40397K, capacity 41514K, committed 41768K, reserved 1085440K
  class space    used 4791K, capacity 5148K, committed 5160K, reserved 1048576K
Event: 17.566 GC heap after
Heap after GC invocations=14 (full 5):
 PSYoungGen      total 206848K, used 3491K [0x0000000715f80000, 0x0000000724c00000, 0x00000007c0000000)
  eden space 172032K, 0% used [0x0000000715f80000,0x0000000715f80000,0x0000000720780000)
  from space 34816K, 10% used [0x0000000720780000,0x0000000720ae8ea8,0x0000000722980000)
  to   space 34816K, 0% used [0x0000000722a00000,0x0000000722a00000,0x0000000724c00000)
 ParOldGen       total 366080K, used 26304K [0x00000005c1e00000, 0x00000005d8380000, 0x0000000715f80000)
  object space 366080K, 7% used [0x00000005c1e00000,0x00000005c37b0040,0x00000005d8380000)
 Metaspace       used 40397K, capacity 41514K, committed 41768K, reserved 1085440K
  class space    used 4791K, capacity 5148K, committed 5160K, reserved 1048576K
}
Event: 17.566 GC heap before
{Heap before GC invocations=15 (full 6):
 PSYoungGen      total 206848K, used 3491K [0x0000000715f80000, 0x0000000724c00000, 0x00000007c0000000)
  eden space 172032K, 0% used [0x0000000715f80000,0x0000000715f80000,0x0000000720780000)
  from space 34816K, 10% used [0x0000000720780000,0x0000000720ae8ea8,0x0000000722980000)
  to   space 34816K, 0% used [0x0000000722a00000,0x0000000722a00000,0x0000000724c00000)
 ParOldGen       total 366080K, used 26304K [0x00000005c1e00000, 0x00000005d8380000, 0x0000000715f80000)
  object space 366080K, 7% used [0x00000005c1e00000,0x00000005c37b0040,0x00000005d8380000)
 Metaspace       used 40397K, capacity 41514K, committed 41768K, reserved 1085440K
  class space    used 4791K, capacity 5148K, committed 5160K, reserved 1048576K
Event: 17.625 GC heap after
Heap after GC invocations=15 (full 6):
 PSYoungGen      total 206848K, used 0K [0x0000000715f80000, 0x0000000724c00000, 0x00000007c0000000)
  eden space 172032K, 0% used [0x0000000715f80000,0x0000000715f80000,0x0000000720780000)
  from space 34816K, 0% used [0x0000000720780000,0x0000000720780000,0x0000000722980000)
  to   space 34816K, 0% used [0x0000000722a00000,0x0000000722a00000,0x0000000724c00000)
 ParOldGen       total 366080K, used 26819K [0x00000005c1e00000, 0x00000005d8380000, 0x0000000715f80000)
  object space 366080K, 7% used [0x00000005c1e00000,0x00000005c3830ee0,0x00000005d8380000)
 Metaspace       used 40372K, capacity 41424K, committed 41768K, reserved 1085440K
  class space    used 4787K, capacity 5143K, committed 5160K, reserved 1048576K
}
Event: 21.925 GC heap before
{Heap before GC invocations=16 (full 6):
 PSYoungGen      total 206848K, used 172032K [0x0000000715f80000, 0x0000000724c00000, 0x00000007c0000000)
  eden space 172032K, 100% used [0x0000000715f80000,0x0000000720780000,0x0000000720780000)
  from space 34816K, 0% used [0x0000000720780000,0x0000000720780000,0x0000000722980000)
  to   space 34816K, 0% used [0x0000000722a00000,0x0000000722a00000,0x0000000724c00000)
 ParOldGen       total 366080K, used 26819K [0x00000005c1e00000, 0x00000005d8380000, 0x0000000715f80000)
  object space 366080K, 7% used [0x00000005c1e00000,0x00000005c3830ee0,0x00000005d8380000)
 Metaspace       used 48514K, capacity 49696K, committed 49832K, reserved 1093632K
  class space    used 5666K, capacity 6001K, committed 6056K, reserved 1048576K
Event: 21.939 GC heap after
Heap after GC invocations=16 (full 6):
 PSYoungGen      total 207360K, used 18751K [0x0000000715f80000, 0x0000000727a80000, 0x00000007c0000000)
  eden space 172544K, 0% used [0x0000000715f80000,0x0000000715f80000,0x0000000720800000)
  from space 34816K, 53% used [0x0000000722a00000,0x0000000723c4ff28,0x0000000724c00000)
  to   space 34816K, 0% used [0x0000000720800000,0x0000000720800000,0x0000000722a00000)
 ParOldGen       total 366080K, used 26835K [0x00000005c1e00000, 0x00000005d8380000, 0x0000000715f80000)
  object space 366080K, 7% used [0x00000005c1e00000,0x00000005c3834ee0,0x00000005d8380000)
 Metaspace       used 48514K, capacity 49696K, committed 49832K, reserved 1093632K
  class space    used 5666K, capacity 6001K, committed 6056K, reserved 1048576K
}

