# JRE version: Java(TM) SE Runtime Environment (8.0_181-b13) (build 1.8.0_181-b13)
# Java VM: Java HotSpot(TM) 64-Bit Server VM (25.181-b13 mixed mode windows-amd64 compressed oops)
Heap:
 PSYoungGen      total 452096K, used 160K [0x0000000715f80000, 0x0000000732e00000, 0x00000007c0000000)
  eden space 430592K, 0% used [0x0000000715f80000,0x0000000715f80000,0x0000000730400000)
  from space 21504K, 0% used [0x0000000731900000,0x0000000731928000,0x0000000732e00000)
  to   space 21504K, 0% used [0x0000000730400000,0x0000000730400000,0x0000000731900000)
 ParOldGen       total 212992K, used 16362K [0x00000005c1e00000, 0x00000005cee00000, 0x0000000715f80000)
  object space 212992K, 7% used [0x00000005c1e00000,0x00000005c2dfa948,0x00000005cee00000)
 Metaspace       used 22362K, capacity 23042K, committed 23344K, reserved 1069056K
  class space    used 2606K, capacity 2882K, committed 2944K, reserved 1048576K
GC Heap History (10 events):
Event: 6.419 GC heap after
Heap after GC invocations=4 (full 0):
 PSYoungGen      total 284672K, used 16868K [0x0000000715f80000, 0x0000000728a80000, 0x00000007c0000000)
  eden space 263168K, 0% used [0x0000000715f80000,0x0000000715f80000,0x0000000726080000)
  from space 21504K, 78% used [0x0000000727580000,0x00000007285f9160,0x0000000728a80000)
  to   space 21504K, 0% used [0x0000000726080000,0x0000000726080000,0x0000000727580000)
 ParOldGen       total 349696K, used 18376K [0x00000005c1e00000, 0x00000005d7380000, 0x0000000715f80000)
  object space 349696K, 5% used [0x00000005c1e00000,0x00000005c2ff22d0,0x00000005d7380000)
 Metaspace       used 20522K, capacity 21112K, committed 21296K, reserved 1069056K
  class space    used 2392K, capacity 2621K, committed 2688K, reserved 1048576K
}
Event: 6.419 GC heap before
{Heap before GC invocations=5 (full 1):
 PSYoungGen      total 284672K, used 16868K [0x0000000715f80000, 0x0000000728a80000, 0x00000007c0000000)
  eden space 263168K, 0% used [0x0000000715f80000,0x0000000715f80000,0x0000000726080000)
  from space 21504K, 78% used [0x0000000727580000,0x00000007285f9160,0x0000000728a80000)
  to   space 21504K, 0% used [0x0000000726080000,0x0000000726080000,0x0000000727580000)
 ParOldGen       total 349696K, used 18376K [0x00000005c1e00000, 0x00000005d7380000, 0x0000000715f80000)
  object space 349696K, 5% used [0x00000005c1e00000,0x00000005c2ff22d0,0x00000005d7380000)
 Metaspace       used 20522K, capacity 21112K, committed 21296K, reserved 1069056K
  class space    used 2392K, capacity 2621K, committed 2688K, reserved 1048576K
Event: 6.489 GC heap after
Heap after GC invocations=5 (full 1):
 PSYoungGen      total 284672K, used 0K [0x0000000715f80000, 0x0000000728a80000, 0x00000007c0000000)
  eden space 263168K, 0% used [0x0000000715f80000,0x0000000715f80000,0x0000000726080000)
  from space 21504K, 0% used [0x0000000727580000,0x0000000727580000,0x0000000728a80000)
  to   space 21504K, 0% used [0x0000000726080000,0x0000000726080000,0x0000000727580000)
 ParOldGen       total 212992K, used 17177K [0x00000005c1e00000, 0x00000005cee00000, 0x0000000715f80000)
  object space 212992K, 8% used [0x00000005c1e00000,0x00000005c2ec65d0,0x00000005cee00000)
 Metaspace       used 20522K, capacity 21112K, committed 21296K, reserved 1069056K
  class space    used 2392K, capacity 2621K, committed 2688K, reserved 1048576K
}
Event: 6.669 GC heap before
{Heap before GC invocations=6 (full 1):
 PSYoungGen      total 284672K, used 6283K [0x0000000715f80000, 0x0000000728a80000, 0x00000007c0000000)
  eden space 263168K, 2% used [0x0000000715f80000,0x00000007165a2d68,0x0000000726080000)
  from space 21504K, 0% used [0x0000000727580000,0x0000000727580000,0x0000000728a80000)
  to   space 21504K, 0% used [0x0000000726080000,0x0000000726080000,0x0000000727580000)
 ParOldGen       total 212992K, used 17177K [0x00000005c1e00000, 0x00000005cee00000, 0x0000000715f80000)
  object space 212992K, 8% used [0x00000005c1e00000,0x00000005c2ec65d0,0x00000005cee00000)
 Metaspace       used 22348K, capacity 22978K, committed 23344K, reserved 1069056K
  class space    used 2606K, capacity 2882K, committed 2944K, reserved 1048576K
Event: 6.672 GC heap after
Heap after GC invocations=6 (full 1):
 PSYoungGen      total 284672K, used 1155K [0x0000000715f80000, 0x0000000732e00000, 0x00000007c0000000)
  eden space 263168K, 0% used [0x0000000715f80000,0x0000000715f80000,0x0000000726080000)
  from space 21504K, 5% used [0x0000000726080000,0x00000007261a0e70,0x0000000727580000)
  to   space 21504K, 0% used [0x0000000731900000,0x0000000731900000,0x0000000732e00000)
 ParOldGen       total 212992K, used 17185K [0x00000005c1e00000, 0x00000005cee00000, 0x0000000715f80000)
  object space 212992K, 8% used [0x00000005c1e00000,0x00000005c2ec85d0,0x00000005cee00000)
 Metaspace       used 22348K, capacity 22978K, committed 23344K, reserved 1069056K
  class space    used 2606K, capacity 2882K, committed 2944K, reserved 1048576K
}
Event: 6.672 GC heap before
{Heap before GC invocations=7 (full 2):
 PSYoungGen      total 284672K, used 1155K [0x0000000715f80000, 0x0000000732e00000, 0x00000007c0000000)
  eden space 263168K, 0% used [0x0000000715f80000,0x0000000715f80000,0x0000000726080000)
  from space 21504K, 5% used [0x0000000726080000,0x00000007261a0e70,0x0000000727580000)
  to   space 21504K, 0% used [0x0000000731900000,0x0000000731900000,0x0000000732e00000)
 ParOldGen       total 212992K, used 17185K [0x00000005c1e00000, 0x00000005cee00000, 0x0000000715f80000)
  object space 212992K, 8% used [0x00000005c1e00000,0x00000005c2ec85d0,0x00000005cee00000)
 Metaspace       used 22348K, capacity 22978K, committed 23344K, reserved 1069056K
  class space    used 2606K, capacity 2882K, committed 2944K, reserved 1048576K
Event: 6.787 GC heap after
Heap after GC invocations=7 (full 2):
 PSYoungGen      total 284672K, used 0K [0x0000000715f80000, 0x0000000732e00000, 0x00000007c0000000)
  eden space 263168K, 0% used [0x0000000715f80000,0x0000000715f80000,0x0000000726080000)
  from space 21504K, 0% used [0x0000000726080000,0x0000000726080000,0x0000000727580000)
  to   space 21504K, 0% used [0x0000000731900000,0x0000000731900000,0x0000000732e00000)
 ParOldGen       total 212992K, used 16354K [0x00000005c1e00000, 0x00000005cee00000, 0x0000000715f80000)
  object space 212992K, 7% used [0x00000005c1e00000,0x00000005c2df8948,0x00000005cee00000)
 Metaspace       used 22348K, capacity 22978K, committed 23344K, reserved 1069056K
  class space    used 2606K, capacity 2882K, committed 2944K, reserved 1048576K
}
Event: 6.907 GC heap before
{Heap before GC invocations=8 (full 2):
 PSYoungGen      total 284672K, used 6283K [0x0000000715f80000, 0x0000000732e00000, 0x00000007c0000000)
  eden space 263168K, 2% used [0x0000000715f80000,0x00000007165a2d00,0x0000000726080000)
  from space 21504K, 0% used [0x0000000726080000,0x0000000726080000,0x0000000727580000)
  to   space 21504K, 0% used [0x0000000731900000,0x0000000731900000,0x0000000732e00000)
 ParOldGen       total 212992K, used 16354K [0x00000005c1e00000, 0x00000005cee00000, 0x0000000715f80000)
  object space 212992K, 7% used [0x00000005c1e00000,0x00000005c2df8948,0x00000005cee00000)
 Metaspace       used 22362K, capacity 23042K, committed 23344K, reserved 1069056K
  class space    used 2606K, capacity 2882K, committed 2944K, reserved 1048576K
Event: 6.908 GC heap after
Heap after GC invocations=8 (full 2):
 PSYoungGen      total 452096K, used 160K [0x0000000715f80000, 0x0000000732e00000, 0x00000007c0000000)
  eden space 430592K, 0% used [0x0000000715f80000,0x0000000715f80000,0x0000000730400000)
  from space 21504K, 0% used [0x0000000731900000,0x0000000731928000,0x0000000732e00000)
  to   space 21504K, 0% used [0x0000000730400000,0x0000000730400000,0x0000000731900000)
 ParOldGen       total 212992K, used 16362K [0x00000005c1e00000, 0x00000005cee00000, 0x0000000715f80000)
  object space 212992K, 7% used [0x00000005c1e00000,0x00000005c2dfa948,0x00000005cee00000)
 Metaspace       used 22362K, capacity 23042K, committed 23344K, reserved 1069056K
  class space    used 2606K, capacity 2882K, committed 2944K, reserved 1048576K
}
Event: 6.908 GC heap before
{Heap before GC invocations=9 (full 3):
 PSYoungGen      total 452096K, used 160K [0x0000000715f80000, 0x0000000732e00000, 0x00000007c0000000)
  eden space 430592K, 0% used [0x0000000715f80000,0x0000000715f80000,0x0000000730400000)
  from space 21504K, 0% used [0x0000000731900000,0x0000000731928000,0x0000000732e00000)
  to   space 21504K, 0% used [0x0000000730400000,0x0000000730400000,0x0000000731900000)
 ParOldGen       total 212992K, used 16362K [0x00000005c1e00000, 0x00000005cee00000, 0x0000000715f80000)
  object space 212992K, 7% used [0x00000005c1e00000,0x00000005c2dfa948,0x00000005cee00000)
 Metaspace       used 22362K, capacity 23042K, committed 23344K, reserved 1069056K
  class space    used 2606K, capacity 2882K, committed 2944K, reserved 1048576K

