# JRE version: Java(TM) SE Runtime Environment (8.0_181-b13) (build 1.8.0_181-b13)
# Java VM: Java HotSpot(TM) 64-Bit Server VM (25.181-b13 mixed mode windows-amd64 compressed oops)
Heap:
 PSYoungGen      total 199680K, used 131033K [0x0000000715f80000, 0x0000000723900000, 0x00000007c0000000)
  eden space 179712K, 70% used [0x0000000715f80000,0x000000071dafa488,0x0000000720f00000)
  from space 19968K, 22% used [0x0000000722580000,0x00000007229fc040,0x0000000723900000)
  to   space 21504K, 0% used [0x0000000720f00000,0x0000000720f00000,0x0000000722400000)
 ParOldGen       total 216064K, used 10250K [0x00000005c1e00000, 0x00000005cf100000, 0x0000000715f80000)
  object space 216064K, 4% used [0x00000005c1e00000,0x00000005c2802940,0x00000005cf100000)
 Metaspace       used 23313K, capacity 23606K, committed 23808K, reserved 1071104K
  class space    used 2919K, capacity 3023K, committed 3072K, reserved 1048576K
GC Heap History (10 events):
Event: 1.979 GC heap before
{Heap before GC invocations=1 (full 0):
 PSYoungGen      total 153088K, used 131584K [0x0000000715f80000, 0x0000000720a00000, 0x00000007c0000000)
  eden space 131584K, 100% used [0x0000000715f80000,0x000000071e000000,0x000000071e000000)
  from space 21504K, 0% used [0x000000071f500000,0x000000071f500000,0x0000000720a00000)
  to   space 21504K, 0% used [0x000000071e000000,0x000000071e000000,0x000000071f500000)
 ParOldGen       total 349696K, used 0K [0x00000005c1e00000, 0x00000005d7380000, 0x0000000715f80000)
  object space 349696K, 0% used [0x00000005c1e00000,0x00000005c1e00000,0x00000005d7380000)
 Metaspace       used 14274K, capacity 14476K, committed 14720K, reserved 1062912K
  class space    used 1869K, capacity 1918K, committed 1920K, reserved 1048576K
Event: 1.987 GC heap after
Heap after GC invocations=1 (full 0):
 PSYoungGen      total 153088K, used 9425K [0x0000000715f80000, 0x0000000720a00000, 0x00000007c0000000)
  eden space 131584K, 0% used [0x0000000715f80000,0x0000000715f80000,0x000000071e000000)
  from space 21504K, 43% used [0x000000071e000000,0x000000071e9344e8,0x000000071f500000)
  to   space 21504K, 0% used [0x000000071f500000,0x000000071f500000,0x0000000720a00000)
 ParOldGen       total 349696K, used 80K [0x00000005c1e00000, 0x00000005d7380000, 0x0000000715f80000)
  object space 349696K, 0% used [0x00000005c1e00000,0x00000005c1e14010,0x00000005d7380000)
 Metaspace       used 14274K, capacity 14476K, committed 14720K, reserved 1062912K
  class space    used 1869K, capacity 1918K, committed 1920K, reserved 1048576K
}
Event: 2.623 GC heap before
{Heap before GC invocations=2 (full 0):
 PSYoungGen      total 153088K, used 89140K [0x0000000715f80000, 0x0000000720a00000, 0x00000007c0000000)
  eden space 131584K, 60% used [0x0000000715f80000,0x000000071ad58ee8,0x000000071e000000)
  from space 21504K, 43% used [0x000000071e000000,0x000000071e9344e8,0x000000071f500000)
  to   space 21504K, 0% used [0x000000071f500000,0x000000071f500000,0x0000000720a00000)
 ParOldGen       total 349696K, used 80K [0x00000005c1e00000, 0x00000005d7380000, 0x0000000715f80000)
  object space 349696K, 0% used [0x00000005c1e00000,0x00000005c1e14010,0x00000005d7380000)
 Metaspace       used 20911K, capacity 21098K, committed 21248K, reserved 1067008K
  class space    used 2723K, capacity 2781K, committed 2816K, reserved 1048576K
Event: 2.631 GC heap after
Heap after GC invocations=2 (full 0):
 PSYoungGen      total 153088K, used 10593K [0x0000000715f80000, 0x0000000720a00000, 0x00000007c0000000)
  eden space 131584K, 0% used [0x0000000715f80000,0x0000000715f80000,0x000000071e000000)
  from space 21504K, 49% used [0x000000071f500000,0x000000071ff584a8,0x0000000720a00000)
  to   space 21504K, 0% used [0x000000071e000000,0x000000071e000000,0x000000071f500000)
 ParOldGen       total 349696K, used 88K [0x00000005c1e00000, 0x00000005d7380000, 0x0000000715f80000)
  object space 349696K, 0% used [0x00000005c1e00000,0x00000005c1e16010,0x00000005d7380000)
 Metaspace       used 20911K, capacity 21098K, committed 21248K, reserved 1067008K
  class space    used 2723K, capacity 2781K, committed 2816K, reserved 1048576K
}
Event: 2.631 GC heap before
{Heap before GC invocations=3 (full 1):
 PSYoungGen      total 153088K, used 10593K [0x0000000715f80000, 0x0000000720a00000, 0x00000007c0000000)
  eden space 131584K, 0% used [0x0000000715f80000,0x0000000715f80000,0x000000071e000000)
  from space 21504K, 49% used [0x000000071f500000,0x000000071ff584a8,0x0000000720a00000)
  to   space 21504K, 0% used [0x000000071e000000,0x000000071e000000,0x000000071f500000)
 ParOldGen       total 349696K, used 88K [0x00000005c1e00000, 0x00000005d7380000, 0x0000000715f80000)
  object space 349696K, 0% used [0x00000005c1e00000,0x00000005c1e16010,0x00000005d7380000)
 Metaspace       used 20911K, capacity 21098K, committed 21248K, reserved 1067008K
  class space    used 2723K, capacity 2781K, committed 2816K, reserved 1048576K
Event: 2.660 GC heap after
Heap after GC invocations=3 (full 1):
 PSYoungGen      total 153088K, used 0K [0x0000000715f80000, 0x0000000720a00000, 0x00000007c0000000)
  eden space 131584K, 0% used [0x0000000715f80000,0x0000000715f80000,0x000000071e000000)
  from space 21504K, 0% used [0x000000071f500000,0x000000071f500000,0x0000000720a00000)
  to   space 21504K, 0% used [0x000000071e000000,0x000000071e000000,0x000000071f500000)
 ParOldGen       total 216064K, used 10234K [0x00000005c1e00000, 0x00000005cf100000, 0x0000000715f80000)
  object space 216064K, 4% used [0x00000005c1e00000,0x00000005c27fe940,0x00000005cf100000)
 Metaspace       used 20911K, capacity 21098K, committed 21248K, reserved 1067008K
  class space    used 2723K, capacity 2781K, committed 2816K, reserved 1048576K
}
Event: 3.784 GC heap before
{Heap before GC invocations=4 (full 1):
 PSYoungGen      total 153088K, used 131584K [0x0000000715f80000, 0x0000000720a00000, 0x00000007c0000000)
  eden space 131584K, 100% used [0x0000000715f80000,0x000000071e000000,0x000000071e000000)
  from space 21504K, 0% used [0x000000071f500000,0x000000071f500000,0x0000000720a00000)
  to   space 21504K, 0% used [0x000000071e000000,0x000000071e000000,0x000000071f500000)
 ParOldGen       total 216064K, used 10234K [0x00000005c1e00000, 0x00000005cf100000, 0x0000000715f80000)
  object space 216064K, 4% used [0x00000005c1e00000,0x00000005c27fe940,0x00000005cf100000)
 Metaspace       used 22866K, capacity 23120K, committed 23296K, reserved 1069056K
  class space    used 2912K, capacity 2990K, committed 3072K, reserved 1048576K
Event: 3.787 GC heap after
Heap after GC invocations=4 (full 1):
 PSYoungGen      total 153088K, used 3216K [0x0000000715f80000, 0x0000000723a80000, 0x00000007c0000000)
  eden space 131584K, 0% used [0x0000000715f80000,0x0000000715f80000,0x000000071e000000)
  from space 21504K, 14% used [0x000000071e000000,0x000000071e324060,0x000000071f500000)
  to   space 21504K, 0% used [0x0000000722580000,0x0000000722580000,0x0000000723a80000)
 ParOldGen       total 216064K, used 10242K [0x00000005c1e00000, 0x00000005cf100000, 0x0000000715f80000)
  object space 216064K, 4% used [0x00000005c1e00000,0x00000005c2800940,0x00000005cf100000)
 Metaspace       used 22866K, capacity 23120K, committed 23296K, reserved 1069056K
  class space    used 2912K, capacity 2990K, committed 3072K, reserved 1048576K
}
Event: 4.583 GC heap before
{Heap before GC invocations=5 (full 1):
 PSYoungGen      total 153088K, used 134800K [0x0000000715f80000, 0x0000000723a80000, 0x00000007c0000000)
  eden space 131584K, 100% used [0x0000000715f80000,0x000000071e000000,0x000000071e000000)
  from space 21504K, 14% used [0x000000071e000000,0x000000071e324060,0x000000071f500000)
  to   space 21504K, 0% used [0x0000000722580000,0x0000000722580000,0x0000000723a80000)
 ParOldGen       total 216064K, used 10242K [0x00000005c1e00000, 0x00000005cf100000, 0x0000000715f80000)
  object space 216064K, 4% used [0x00000005c1e00000,0x00000005c2800940,0x00000005cf100000)
 Metaspace       used 23130K, capacity 23446K, committed 23808K, reserved 1071104K
  class space    used 2912K, capacity 2991K, committed 3072K, reserved 1048576K
Event: 4.587 GC heap after
Heap after GC invocations=5 (full 1):
 PSYoungGen      total 199680K, used 4592K [0x0000000715f80000, 0x0000000723900000, 0x00000007c0000000)
  eden space 179712K, 0% used [0x0000000715f80000,0x0000000715f80000,0x0000000720f00000)
  from space 19968K, 22% used [0x0000000722580000,0x00000007229fc040,0x0000000723900000)
  to   space 21504K, 0% used [0x0000000720f00000,0x0000000720f00000,0x0000000722400000)
 ParOldGen       total 216064K, used 10250K [0x00000005c1e00000, 0x00000005cf100000, 0x0000000715f80000)
  object space 216064K, 4% used [0x00000005c1e00000,0x00000005c2802940,0x00000005cf100000)
 Metaspace       used 23130K, capacity 23446K, committed 23808K, reserved 1071104K
  class space    used 2912K, capacity 2991K, committed 3072K, reserved 1048576K
}

